ARM GAS  /tmp/ccPPVAeG.s 			page 1


   1              		.cpu cortex-m4
   2              		.arch armv7e-m
   3              		.fpu fpv4-sp-d16
   4              		.eabi_attribute 27, 1
   5              		.eabi_attribute 28, 1
   6              		.eabi_attribute 23, 1
   7              		.eabi_attribute 24, 1
   8              		.eabi_attribute 25, 1
   9              		.eabi_attribute 26, 1
  10              		.eabi_attribute 30, 2
  11              		.eabi_attribute 34, 1
  12              		.eabi_attribute 18, 4
  13              		.file	"stm32f4xx_hal_msp.c"
  14              		.text
  15              	.Ltext0:
  16              		.cfi_sections	.debug_frame
  17              		.file 1 "Src/stm32f4xx_hal_msp.c"
  18              		.section	.text.HAL_MspInit,"ax",%progbits
  19              		.align	1
  20              		.p2align 2,,3
  21              		.global	HAL_MspInit
  22              		.syntax unified
  23              		.thumb
  24              		.thumb_func
  26              	HAL_MspInit:
  27              	.LFB130:
   1:Src/stm32f4xx_hal_msp.c **** /* USER CODE BEGIN Header */
   2:Src/stm32f4xx_hal_msp.c **** /**
   3:Src/stm32f4xx_hal_msp.c ****   ******************************************************************************
   4:Src/stm32f4xx_hal_msp.c ****   * @file         stm32f4xx_hal_msp.c
   5:Src/stm32f4xx_hal_msp.c ****   * @brief        This file provides code for the MSP Initialization
   6:Src/stm32f4xx_hal_msp.c ****   *               and de-Initialization codes.
   7:Src/stm32f4xx_hal_msp.c ****   ******************************************************************************
   8:Src/stm32f4xx_hal_msp.c ****   * @attention
   9:Src/stm32f4xx_hal_msp.c ****   *
  10:Src/stm32f4xx_hal_msp.c ****   * Copyright (c) 2023 STMicroelectronics.
  11:Src/stm32f4xx_hal_msp.c ****   * All rights reserved.
  12:Src/stm32f4xx_hal_msp.c ****   *
  13:Src/stm32f4xx_hal_msp.c ****   * This software is licensed under terms that can be found in the LICENSE file
  14:Src/stm32f4xx_hal_msp.c ****   * in the root directory of this software component.
  15:Src/stm32f4xx_hal_msp.c ****   * If no LICENSE file comes with this software, it is provided AS-IS.
  16:Src/stm32f4xx_hal_msp.c ****   *
  17:Src/stm32f4xx_hal_msp.c ****   ******************************************************************************
  18:Src/stm32f4xx_hal_msp.c ****   */
  19:Src/stm32f4xx_hal_msp.c **** /* USER CODE END Header */
  20:Src/stm32f4xx_hal_msp.c **** 
  21:Src/stm32f4xx_hal_msp.c **** /* Includes ------------------------------------------------------------------*/
  22:Src/stm32f4xx_hal_msp.c **** #include "main.h"
  23:Src/stm32f4xx_hal_msp.c **** /* USER CODE BEGIN Includes */
  24:Src/stm32f4xx_hal_msp.c **** 
  25:Src/stm32f4xx_hal_msp.c **** /* USER CODE END Includes */
  26:Src/stm32f4xx_hal_msp.c **** 
  27:Src/stm32f4xx_hal_msp.c **** /* Private typedef -----------------------------------------------------------*/
  28:Src/stm32f4xx_hal_msp.c **** /* USER CODE BEGIN TD */
  29:Src/stm32f4xx_hal_msp.c **** 
  30:Src/stm32f4xx_hal_msp.c **** /* USER CODE END TD */
  31:Src/stm32f4xx_hal_msp.c **** 
ARM GAS  /tmp/ccPPVAeG.s 			page 2


  32:Src/stm32f4xx_hal_msp.c **** /* Private define ------------------------------------------------------------*/
  33:Src/stm32f4xx_hal_msp.c **** /* USER CODE BEGIN Define */
  34:Src/stm32f4xx_hal_msp.c **** 
  35:Src/stm32f4xx_hal_msp.c **** /* USER CODE END Define */
  36:Src/stm32f4xx_hal_msp.c **** 
  37:Src/stm32f4xx_hal_msp.c **** /* Private macro -------------------------------------------------------------*/
  38:Src/stm32f4xx_hal_msp.c **** /* USER CODE BEGIN Macro */
  39:Src/stm32f4xx_hal_msp.c **** 
  40:Src/stm32f4xx_hal_msp.c **** /* USER CODE END Macro */
  41:Src/stm32f4xx_hal_msp.c **** 
  42:Src/stm32f4xx_hal_msp.c **** /* Private variables ---------------------------------------------------------*/
  43:Src/stm32f4xx_hal_msp.c **** /* USER CODE BEGIN PV */
  44:Src/stm32f4xx_hal_msp.c **** 
  45:Src/stm32f4xx_hal_msp.c **** /* USER CODE END PV */
  46:Src/stm32f4xx_hal_msp.c **** 
  47:Src/stm32f4xx_hal_msp.c **** /* Private function prototypes -----------------------------------------------*/
  48:Src/stm32f4xx_hal_msp.c **** /* USER CODE BEGIN PFP */
  49:Src/stm32f4xx_hal_msp.c **** 
  50:Src/stm32f4xx_hal_msp.c **** /* USER CODE END PFP */
  51:Src/stm32f4xx_hal_msp.c **** 
  52:Src/stm32f4xx_hal_msp.c **** /* External functions --------------------------------------------------------*/
  53:Src/stm32f4xx_hal_msp.c **** /* USER CODE BEGIN ExternalFunctions */
  54:Src/stm32f4xx_hal_msp.c **** 
  55:Src/stm32f4xx_hal_msp.c **** /* USER CODE END ExternalFunctions */
  56:Src/stm32f4xx_hal_msp.c **** 
  57:Src/stm32f4xx_hal_msp.c **** /* USER CODE BEGIN 0 */
  58:Src/stm32f4xx_hal_msp.c **** 
  59:Src/stm32f4xx_hal_msp.c **** /* USER CODE END 0 */
  60:Src/stm32f4xx_hal_msp.c **** /**
  61:Src/stm32f4xx_hal_msp.c ****   * Initializes the Global MSP.
  62:Src/stm32f4xx_hal_msp.c ****   */
  63:Src/stm32f4xx_hal_msp.c **** void HAL_MspInit(void)
  64:Src/stm32f4xx_hal_msp.c **** {
  28              		.loc 1 64 1 view -0
  29              		.cfi_startproc
  30              		@ args = 0, pretend = 0, frame = 8
  31              		@ frame_needed = 0, uses_anonymous_args = 0
  32              		@ link register save eliminated.
  65:Src/stm32f4xx_hal_msp.c ****   /* USER CODE BEGIN MspInit 0 */
  66:Src/stm32f4xx_hal_msp.c **** 
  67:Src/stm32f4xx_hal_msp.c ****   /* USER CODE END MspInit 0 */
  68:Src/stm32f4xx_hal_msp.c **** 
  69:Src/stm32f4xx_hal_msp.c ****   __HAL_RCC_SYSCFG_CLK_ENABLE();
  33              		.loc 1 69 3 view .LVU1
  34              	.LBB2:
  35              		.loc 1 69 3 view .LVU2
  36              	.LBE2:
  64:Src/stm32f4xx_hal_msp.c ****   /* USER CODE BEGIN MspInit 0 */
  37              		.loc 1 64 1 is_stmt 0 view .LVU3
  38 0000 82B0     		sub	sp, sp, #8
  39              	.LCFI0:
  40              		.cfi_def_cfa_offset 8
  41              	.LBB3:
  42              		.loc 1 69 3 view .LVU4
  43 0002 0C4B     		ldr	r3, .L4
  44 0004 0021     		movs	r1, #0
  45 0006 0091     		str	r1, [sp]
ARM GAS  /tmp/ccPPVAeG.s 			page 3


  46              		.loc 1 69 3 is_stmt 1 view .LVU5
  47 0008 5A6C     		ldr	r2, [r3, #68]
  48 000a 42F48042 		orr	r2, r2, #16384
  49 000e 5A64     		str	r2, [r3, #68]
  50              		.loc 1 69 3 view .LVU6
  51 0010 5A6C     		ldr	r2, [r3, #68]
  52 0012 02F48042 		and	r2, r2, #16384
  53 0016 0092     		str	r2, [sp]
  54              		.loc 1 69 3 view .LVU7
  55 0018 009A     		ldr	r2, [sp]
  56              	.LBE3:
  57              		.loc 1 69 3 view .LVU8
  70:Src/stm32f4xx_hal_msp.c ****   __HAL_RCC_PWR_CLK_ENABLE();
  58              		.loc 1 70 3 view .LVU9
  59              	.LBB4:
  60              		.loc 1 70 3 view .LVU10
  61 001a 0191     		str	r1, [sp, #4]
  62              		.loc 1 70 3 view .LVU11
  63 001c 1A6C     		ldr	r2, [r3, #64]
  64 001e 42F08052 		orr	r2, r2, #268435456
  65 0022 1A64     		str	r2, [r3, #64]
  66              		.loc 1 70 3 view .LVU12
  67 0024 1B6C     		ldr	r3, [r3, #64]
  68 0026 03F08053 		and	r3, r3, #268435456
  69 002a 0193     		str	r3, [sp, #4]
  70              		.loc 1 70 3 view .LVU13
  71 002c 019B     		ldr	r3, [sp, #4]
  72              	.LBE4:
  73              		.loc 1 70 3 view .LVU14
  71:Src/stm32f4xx_hal_msp.c **** 
  72:Src/stm32f4xx_hal_msp.c ****   /* System interrupt init*/
  73:Src/stm32f4xx_hal_msp.c **** 
  74:Src/stm32f4xx_hal_msp.c ****   /* USER CODE BEGIN MspInit 1 */
  75:Src/stm32f4xx_hal_msp.c **** 
  76:Src/stm32f4xx_hal_msp.c ****   /* USER CODE END MspInit 1 */
  77:Src/stm32f4xx_hal_msp.c **** }
  74              		.loc 1 77 1 is_stmt 0 view .LVU15
  75 002e 02B0     		add	sp, sp, #8
  76              	.LCFI1:
  77              		.cfi_def_cfa_offset 0
  78              		@ sp needed
  79 0030 7047     		bx	lr
  80              	.L5:
  81 0032 00BF     		.align	2
  82              	.L4:
  83 0034 00380240 		.word	1073887232
  84              		.cfi_endproc
  85              	.LFE130:
  87              		.text
  88              	.Letext0:
  89              		.file 2 "/usr/arm-none-eabi/include/machine/_default_types.h"
  90              		.file 3 "/usr/arm-none-eabi/include/sys/_stdint.h"
  91              		.file 4 "Drivers/CMSIS/Device/ST/STM32F4xx/Include/stm32f401xc.h"
ARM GAS  /tmp/ccPPVAeG.s 			page 4


DEFINED SYMBOLS
                            *ABS*:00000000 stm32f4xx_hal_msp.c
     /tmp/ccPPVAeG.s:19     .text.HAL_MspInit:00000000 $t
     /tmp/ccPPVAeG.s:26     .text.HAL_MspInit:00000000 HAL_MspInit
     /tmp/ccPPVAeG.s:83     .text.HAL_MspInit:00000034 $d

NO UNDEFINED SYMBOLS
