ARM GAS  /tmp/ccKtZNFX.s 			page 1


   1              		.cpu cortex-m4
   2              		.arch armv7e-m
   3              		.fpu fpv4-sp-d16
   4              		.eabi_attribute 27, 1
   5              		.eabi_attribute 28, 1
   6              		.eabi_attribute 23, 1
   7              		.eabi_attribute 24, 1
   8              		.eabi_attribute 25, 1
   9              		.eabi_attribute 26, 1
  10              		.eabi_attribute 30, 2
  11              		.eabi_attribute 34, 1
  12              		.eabi_attribute 18, 4
  13              		.file	"stm32f4xx_it.c"
  14              		.text
  15              	.Ltext0:
  16              		.cfi_sections	.debug_frame
  17              		.file 1 "Src/stm32f4xx_it.c"
  18              		.section	.text.NMI_Handler,"ax",%progbits
  19              		.align	1
  20              		.p2align 2,,3
  21              		.global	NMI_Handler
  22              		.syntax unified
  23              		.thumb
  24              		.thumb_func
  26              	NMI_Handler:
  27              	.LFB130:
   1:Src/stm32f4xx_it.c **** /* USER CODE BEGIN Header */
   2:Src/stm32f4xx_it.c **** /**
   3:Src/stm32f4xx_it.c ****   ******************************************************************************
   4:Src/stm32f4xx_it.c ****   * @file    stm32f4xx_it.c
   5:Src/stm32f4xx_it.c ****   * @brief   Interrupt Service Routines.
   6:Src/stm32f4xx_it.c ****   ******************************************************************************
   7:Src/stm32f4xx_it.c ****   * @attention
   8:Src/stm32f4xx_it.c ****   *
   9:Src/stm32f4xx_it.c ****   * Copyright (c) 2023 STMicroelectronics.
  10:Src/stm32f4xx_it.c ****   * All rights reserved.
  11:Src/stm32f4xx_it.c ****   *
  12:Src/stm32f4xx_it.c ****   * This software is licensed under terms that can be found in the LICENSE file
  13:Src/stm32f4xx_it.c ****   * in the root directory of this software component.
  14:Src/stm32f4xx_it.c ****   * If no LICENSE file comes with this software, it is provided AS-IS.
  15:Src/stm32f4xx_it.c ****   *
  16:Src/stm32f4xx_it.c ****   ******************************************************************************
  17:Src/stm32f4xx_it.c ****   */
  18:Src/stm32f4xx_it.c **** /* USER CODE END Header */
  19:Src/stm32f4xx_it.c **** 
  20:Src/stm32f4xx_it.c **** /* Includes ------------------------------------------------------------------*/
  21:Src/stm32f4xx_it.c **** #include "main.h"
  22:Src/stm32f4xx_it.c **** #include "stm32f4xx_it.h"
  23:Src/stm32f4xx_it.c **** /* Private includes ----------------------------------------------------------*/
  24:Src/stm32f4xx_it.c **** /* USER CODE BEGIN Includes */
  25:Src/stm32f4xx_it.c **** /* USER CODE END Includes */
  26:Src/stm32f4xx_it.c **** 
  27:Src/stm32f4xx_it.c **** /* Private typedef -----------------------------------------------------------*/
  28:Src/stm32f4xx_it.c **** /* USER CODE BEGIN TD */
  29:Src/stm32f4xx_it.c **** 
  30:Src/stm32f4xx_it.c **** /* USER CODE END TD */
  31:Src/stm32f4xx_it.c **** 
ARM GAS  /tmp/ccKtZNFX.s 			page 2


  32:Src/stm32f4xx_it.c **** /* Private define ------------------------------------------------------------*/
  33:Src/stm32f4xx_it.c **** /* USER CODE BEGIN PD */
  34:Src/stm32f4xx_it.c **** 
  35:Src/stm32f4xx_it.c **** /* USER CODE END PD */
  36:Src/stm32f4xx_it.c **** 
  37:Src/stm32f4xx_it.c **** /* Private macro -------------------------------------------------------------*/
  38:Src/stm32f4xx_it.c **** /* USER CODE BEGIN PM */
  39:Src/stm32f4xx_it.c **** 
  40:Src/stm32f4xx_it.c **** /* USER CODE END PM */
  41:Src/stm32f4xx_it.c **** 
  42:Src/stm32f4xx_it.c **** /* Private variables ---------------------------------------------------------*/
  43:Src/stm32f4xx_it.c **** /* USER CODE BEGIN PV */
  44:Src/stm32f4xx_it.c **** 
  45:Src/stm32f4xx_it.c **** /* USER CODE END PV */
  46:Src/stm32f4xx_it.c **** 
  47:Src/stm32f4xx_it.c **** /* Private function prototypes -----------------------------------------------*/
  48:Src/stm32f4xx_it.c **** /* USER CODE BEGIN PFP */
  49:Src/stm32f4xx_it.c **** 
  50:Src/stm32f4xx_it.c **** /* USER CODE END PFP */
  51:Src/stm32f4xx_it.c **** 
  52:Src/stm32f4xx_it.c **** /* Private user code ---------------------------------------------------------*/
  53:Src/stm32f4xx_it.c **** /* USER CODE BEGIN 0 */
  54:Src/stm32f4xx_it.c **** 
  55:Src/stm32f4xx_it.c **** /* USER CODE END 0 */
  56:Src/stm32f4xx_it.c **** 
  57:Src/stm32f4xx_it.c **** /* External variables --------------------------------------------------------*/
  58:Src/stm32f4xx_it.c **** 
  59:Src/stm32f4xx_it.c **** /* USER CODE BEGIN EV */
  60:Src/stm32f4xx_it.c **** 
  61:Src/stm32f4xx_it.c **** /* USER CODE END EV */
  62:Src/stm32f4xx_it.c **** 
  63:Src/stm32f4xx_it.c **** /******************************************************************************/
  64:Src/stm32f4xx_it.c **** /*           Cortex-M4 Processor Interruption and Exception Handlers          */
  65:Src/stm32f4xx_it.c **** /******************************************************************************/
  66:Src/stm32f4xx_it.c **** /**
  67:Src/stm32f4xx_it.c ****   * @brief This function handles Non maskable interrupt.
  68:Src/stm32f4xx_it.c ****   */
  69:Src/stm32f4xx_it.c **** void NMI_Handler(void)
  70:Src/stm32f4xx_it.c **** {
  28              		.loc 1 70 1 view -0
  29              		.cfi_startproc
  30              		@ Volatile: function does not return.
  31              		@ args = 0, pretend = 0, frame = 0
  32              		@ frame_needed = 0, uses_anonymous_args = 0
  33              		@ link register save eliminated.
  34              	.L2:
  71:Src/stm32f4xx_it.c ****   /* USER CODE BEGIN NonMaskableInt_IRQn 0 */
  72:Src/stm32f4xx_it.c **** 
  73:Src/stm32f4xx_it.c ****   /* USER CODE END NonMaskableInt_IRQn 0 */
  74:Src/stm32f4xx_it.c ****   /* USER CODE BEGIN NonMaskableInt_IRQn 1 */
  75:Src/stm32f4xx_it.c ****   while (1)
  35              		.loc 1 75 3 view .LVU1
  76:Src/stm32f4xx_it.c ****   {
  77:Src/stm32f4xx_it.c ****   }
  36              		.loc 1 77 3 view .LVU2
  75:Src/stm32f4xx_it.c ****   {
  37              		.loc 1 75 9 view .LVU3
ARM GAS  /tmp/ccKtZNFX.s 			page 3


  38 0000 FEE7     		b	.L2
  39              		.cfi_endproc
  40              	.LFE130:
  42 0002 00BF     		.section	.text.HardFault_Handler,"ax",%progbits
  43              		.align	1
  44              		.p2align 2,,3
  45              		.global	HardFault_Handler
  46              		.syntax unified
  47              		.thumb
  48              		.thumb_func
  50              	HardFault_Handler:
  51              	.LFB131:
  78:Src/stm32f4xx_it.c ****   /* USER CODE END NonMaskableInt_IRQn 1 */
  79:Src/stm32f4xx_it.c **** }
  80:Src/stm32f4xx_it.c **** 
  81:Src/stm32f4xx_it.c **** /**
  82:Src/stm32f4xx_it.c ****   * @brief This function handles Hard fault interrupt.
  83:Src/stm32f4xx_it.c ****   */
  84:Src/stm32f4xx_it.c **** void HardFault_Handler(void)
  85:Src/stm32f4xx_it.c **** {
  52              		.loc 1 85 1 view -0
  53              		.cfi_startproc
  54              		@ Volatile: function does not return.
  55              		@ args = 0, pretend = 0, frame = 0
  56              		@ frame_needed = 0, uses_anonymous_args = 0
  57              		@ link register save eliminated.
  58              	.L5:
  86:Src/stm32f4xx_it.c ****   /* USER CODE BEGIN HardFault_IRQn 0 */
  87:Src/stm32f4xx_it.c **** 
  88:Src/stm32f4xx_it.c ****   /* USER CODE END HardFault_IRQn 0 */
  89:Src/stm32f4xx_it.c ****   while (1)
  59              		.loc 1 89 3 view .LVU5
  90:Src/stm32f4xx_it.c ****   {
  91:Src/stm32f4xx_it.c ****     /* USER CODE BEGIN W1_HardFault_IRQn 0 */
  92:Src/stm32f4xx_it.c ****     /* USER CODE END W1_HardFault_IRQn 0 */
  93:Src/stm32f4xx_it.c ****   }
  60              		.loc 1 93 3 view .LVU6
  89:Src/stm32f4xx_it.c ****   {
  61              		.loc 1 89 9 view .LVU7
  62 0000 FEE7     		b	.L5
  63              		.cfi_endproc
  64              	.LFE131:
  66 0002 00BF     		.section	.text.MemManage_Handler,"ax",%progbits
  67              		.align	1
  68              		.p2align 2,,3
  69              		.global	MemManage_Handler
  70              		.syntax unified
  71              		.thumb
  72              		.thumb_func
  74              	MemManage_Handler:
  75              	.LFB132:
  94:Src/stm32f4xx_it.c **** }
  95:Src/stm32f4xx_it.c **** 
  96:Src/stm32f4xx_it.c **** /**
  97:Src/stm32f4xx_it.c ****   * @brief This function handles Memory management fault.
  98:Src/stm32f4xx_it.c ****   */
  99:Src/stm32f4xx_it.c **** void MemManage_Handler(void)
ARM GAS  /tmp/ccKtZNFX.s 			page 4


 100:Src/stm32f4xx_it.c **** {
  76              		.loc 1 100 1 view -0
  77              		.cfi_startproc
  78              		@ Volatile: function does not return.
  79              		@ args = 0, pretend = 0, frame = 0
  80              		@ frame_needed = 0, uses_anonymous_args = 0
  81              		@ link register save eliminated.
  82              	.L7:
 101:Src/stm32f4xx_it.c ****   /* USER CODE BEGIN MemoryManagement_IRQn 0 */
 102:Src/stm32f4xx_it.c **** 
 103:Src/stm32f4xx_it.c ****   /* USER CODE END MemoryManagement_IRQn 0 */
 104:Src/stm32f4xx_it.c ****   while (1)
  83              		.loc 1 104 3 view .LVU9
 105:Src/stm32f4xx_it.c ****   {
 106:Src/stm32f4xx_it.c ****     /* USER CODE BEGIN W1_MemoryManagement_IRQn 0 */
 107:Src/stm32f4xx_it.c ****     /* USER CODE END W1_MemoryManagement_IRQn 0 */
 108:Src/stm32f4xx_it.c ****   }
  84              		.loc 1 108 3 view .LVU10
 104:Src/stm32f4xx_it.c ****   {
  85              		.loc 1 104 9 view .LVU11
  86 0000 FEE7     		b	.L7
  87              		.cfi_endproc
  88              	.LFE132:
  90 0002 00BF     		.section	.text.BusFault_Handler,"ax",%progbits
  91              		.align	1
  92              		.p2align 2,,3
  93              		.global	BusFault_Handler
  94              		.syntax unified
  95              		.thumb
  96              		.thumb_func
  98              	BusFault_Handler:
  99              	.LFB133:
 109:Src/stm32f4xx_it.c **** }
 110:Src/stm32f4xx_it.c **** 
 111:Src/stm32f4xx_it.c **** /**
 112:Src/stm32f4xx_it.c ****   * @brief This function handles Pre-fetch fault, memory access fault.
 113:Src/stm32f4xx_it.c ****   */
 114:Src/stm32f4xx_it.c **** void BusFault_Handler(void)
 115:Src/stm32f4xx_it.c **** {
 100              		.loc 1 115 1 view -0
 101              		.cfi_startproc
 102              		@ Volatile: function does not return.
 103              		@ args = 0, pretend = 0, frame = 0
 104              		@ frame_needed = 0, uses_anonymous_args = 0
 105              		@ link register save eliminated.
 106              	.L9:
 116:Src/stm32f4xx_it.c ****   /* USER CODE BEGIN BusFault_IRQn 0 */
 117:Src/stm32f4xx_it.c **** 
 118:Src/stm32f4xx_it.c ****   /* USER CODE END BusFault_IRQn 0 */
 119:Src/stm32f4xx_it.c ****   while (1)
 107              		.loc 1 119 3 view .LVU13
 120:Src/stm32f4xx_it.c ****   {
 121:Src/stm32f4xx_it.c ****     /* USER CODE BEGIN W1_BusFault_IRQn 0 */
 122:Src/stm32f4xx_it.c ****     /* USER CODE END W1_BusFault_IRQn 0 */
 123:Src/stm32f4xx_it.c ****   }
 108              		.loc 1 123 3 view .LVU14
 119:Src/stm32f4xx_it.c ****   {
ARM GAS  /tmp/ccKtZNFX.s 			page 5


 109              		.loc 1 119 9 view .LVU15
 110 0000 FEE7     		b	.L9
 111              		.cfi_endproc
 112              	.LFE133:
 114 0002 00BF     		.section	.text.UsageFault_Handler,"ax",%progbits
 115              		.align	1
 116              		.p2align 2,,3
 117              		.global	UsageFault_Handler
 118              		.syntax unified
 119              		.thumb
 120              		.thumb_func
 122              	UsageFault_Handler:
 123              	.LFB134:
 124:Src/stm32f4xx_it.c **** }
 125:Src/stm32f4xx_it.c **** 
 126:Src/stm32f4xx_it.c **** /**
 127:Src/stm32f4xx_it.c ****   * @brief This function handles Undefined instruction or illegal state.
 128:Src/stm32f4xx_it.c ****   */
 129:Src/stm32f4xx_it.c **** void UsageFault_Handler(void)
 130:Src/stm32f4xx_it.c **** {
 124              		.loc 1 130 1 view -0
 125              		.cfi_startproc
 126              		@ Volatile: function does not return.
 127              		@ args = 0, pretend = 0, frame = 0
 128              		@ frame_needed = 0, uses_anonymous_args = 0
 129              		@ link register save eliminated.
 130              	.L11:
 131:Src/stm32f4xx_it.c ****   /* USER CODE BEGIN UsageFault_IRQn 0 */
 132:Src/stm32f4xx_it.c **** 
 133:Src/stm32f4xx_it.c ****   /* USER CODE END UsageFault_IRQn 0 */
 134:Src/stm32f4xx_it.c ****   while (1)
 131              		.loc 1 134 3 view .LVU17
 135:Src/stm32f4xx_it.c ****   {
 136:Src/stm32f4xx_it.c ****     /* USER CODE BEGIN W1_UsageFault_IRQn 0 */
 137:Src/stm32f4xx_it.c ****     /* USER CODE END W1_UsageFault_IRQn 0 */
 138:Src/stm32f4xx_it.c ****   }
 132              		.loc 1 138 3 view .LVU18
 134:Src/stm32f4xx_it.c ****   {
 133              		.loc 1 134 9 view .LVU19
 134 0000 FEE7     		b	.L11
 135              		.cfi_endproc
 136              	.LFE134:
 138 0002 00BF     		.section	.text.SVC_Handler,"ax",%progbits
 139              		.align	1
 140              		.p2align 2,,3
 141              		.global	SVC_Handler
 142              		.syntax unified
 143              		.thumb
 144              		.thumb_func
 146              	SVC_Handler:
 147              	.LFB135:
 139:Src/stm32f4xx_it.c **** }
 140:Src/stm32f4xx_it.c **** 
 141:Src/stm32f4xx_it.c **** /**
 142:Src/stm32f4xx_it.c ****   * @brief This function handles System service call via SWI instruction.
 143:Src/stm32f4xx_it.c ****   */
 144:Src/stm32f4xx_it.c **** void SVC_Handler(void)
ARM GAS  /tmp/ccKtZNFX.s 			page 6


 145:Src/stm32f4xx_it.c **** {
 148              		.loc 1 145 1 view -0
 149              		.cfi_startproc
 150              		@ args = 0, pretend = 0, frame = 0
 151              		@ frame_needed = 0, uses_anonymous_args = 0
 152              		@ link register save eliminated.
 146:Src/stm32f4xx_it.c ****   /* USER CODE BEGIN SVCall_IRQn 0 */
 147:Src/stm32f4xx_it.c **** 
 148:Src/stm32f4xx_it.c ****   /* USER CODE END SVCall_IRQn 0 */
 149:Src/stm32f4xx_it.c ****   /* USER CODE BEGIN SVCall_IRQn 1 */
 150:Src/stm32f4xx_it.c **** 
 151:Src/stm32f4xx_it.c ****   /* USER CODE END SVCall_IRQn 1 */
 152:Src/stm32f4xx_it.c **** }
 153              		.loc 1 152 1 view .LVU21
 154 0000 7047     		bx	lr
 155              		.cfi_endproc
 156              	.LFE135:
 158 0002 00BF     		.section	.text.DebugMon_Handler,"ax",%progbits
 159              		.align	1
 160              		.p2align 2,,3
 161              		.global	DebugMon_Handler
 162              		.syntax unified
 163              		.thumb
 164              		.thumb_func
 166              	DebugMon_Handler:
 167              	.LFB140:
 168              		.cfi_startproc
 153:Src/stm32f4xx_it.c **** 
 154:Src/stm32f4xx_it.c **** /**
 155:Src/stm32f4xx_it.c ****   * @brief This function handles Debug monitor.
 156:Src/stm32f4xx_it.c ****   */
 157:Src/stm32f4xx_it.c **** void DebugMon_Handler(void)
 169              		.loc 1 157 6 view -0
 170              		@ args = 0, pretend = 0, frame = 0
 171              		@ frame_needed = 0, uses_anonymous_args = 0
 172              		@ link register save eliminated.
 173 0000 7047     		bx	lr
 174              		.cfi_endproc
 175              	.LFE140:
 177 0002 00BF     		.section	.text.PendSV_Handler,"ax",%progbits
 178              		.align	1
 179              		.p2align 2,,3
 180              		.global	PendSV_Handler
 181              		.syntax unified
 182              		.thumb
 183              		.thumb_func
 185              	PendSV_Handler:
 186              	.LFB142:
 187              		.cfi_startproc
 158:Src/stm32f4xx_it.c **** {
 159:Src/stm32f4xx_it.c ****   /* USER CODE BEGIN DebugMonitor_IRQn 0 */
 160:Src/stm32f4xx_it.c **** 
 161:Src/stm32f4xx_it.c ****   /* USER CODE END DebugMonitor_IRQn 0 */
 162:Src/stm32f4xx_it.c ****   /* USER CODE BEGIN DebugMonitor_IRQn 1 */
 163:Src/stm32f4xx_it.c **** 
 164:Src/stm32f4xx_it.c ****   /* USER CODE END DebugMonitor_IRQn 1 */
 165:Src/stm32f4xx_it.c **** }
ARM GAS  /tmp/ccKtZNFX.s 			page 7


 166:Src/stm32f4xx_it.c **** 
 167:Src/stm32f4xx_it.c **** /**
 168:Src/stm32f4xx_it.c ****   * @brief This function handles Pendable request for system service.
 169:Src/stm32f4xx_it.c ****   */
 170:Src/stm32f4xx_it.c **** void PendSV_Handler(void)
 188              		.loc 1 170 6 view -0
 189              		@ args = 0, pretend = 0, frame = 0
 190              		@ frame_needed = 0, uses_anonymous_args = 0
 191              		@ link register save eliminated.
 192 0000 7047     		bx	lr
 193              		.cfi_endproc
 194              	.LFE142:
 196 0002 00BF     		.section	.text.SysTick_Handler,"ax",%progbits
 197              		.align	1
 198              		.p2align 2,,3
 199              		.global	SysTick_Handler
 200              		.syntax unified
 201              		.thumb
 202              		.thumb_func
 204              	SysTick_Handler:
 205              	.LFB138:
 171:Src/stm32f4xx_it.c **** {
 172:Src/stm32f4xx_it.c ****   /* USER CODE BEGIN PendSV_IRQn 0 */
 173:Src/stm32f4xx_it.c **** 
 174:Src/stm32f4xx_it.c ****   /* USER CODE END PendSV_IRQn 0 */
 175:Src/stm32f4xx_it.c ****   /* USER CODE BEGIN PendSV_IRQn 1 */
 176:Src/stm32f4xx_it.c **** 
 177:Src/stm32f4xx_it.c ****   /* USER CODE END PendSV_IRQn 1 */
 178:Src/stm32f4xx_it.c **** }
 179:Src/stm32f4xx_it.c **** 
 180:Src/stm32f4xx_it.c **** /**
 181:Src/stm32f4xx_it.c ****   * @brief This function handles System tick timer.
 182:Src/stm32f4xx_it.c ****   */
 183:Src/stm32f4xx_it.c **** void SysTick_Handler(void)
 184:Src/stm32f4xx_it.c **** {
 206              		.loc 1 184 1 view -0
 207              		.cfi_startproc
 208              		@ args = 0, pretend = 0, frame = 0
 209              		@ frame_needed = 0, uses_anonymous_args = 0
 210              		@ link register save eliminated.
 185:Src/stm32f4xx_it.c ****   /* USER CODE BEGIN SysTick_IRQn 0 */
 186:Src/stm32f4xx_it.c **** 
 187:Src/stm32f4xx_it.c ****   /* USER CODE END SysTick_IRQn 0 */
 188:Src/stm32f4xx_it.c ****   HAL_IncTick();
 211              		.loc 1 188 3 view .LVU25
 212 0000 FFF7FEBF 		b	HAL_IncTick
 213              	.LVL0:
 214              		.cfi_endproc
 215              	.LFE138:
 217              		.text
 218              	.Letext0:
 219              		.file 2 "Drivers/STM32F4xx_HAL_Driver/Inc/stm32f4xx_hal.h"
ARM GAS  /tmp/ccKtZNFX.s 			page 8


DEFINED SYMBOLS
                            *ABS*:00000000 stm32f4xx_it.c
     /tmp/ccKtZNFX.s:19     .text.NMI_Handler:00000000 $t
     /tmp/ccKtZNFX.s:26     .text.NMI_Handler:00000000 NMI_Handler
     /tmp/ccKtZNFX.s:43     .text.HardFault_Handler:00000000 $t
     /tmp/ccKtZNFX.s:50     .text.HardFault_Handler:00000000 HardFault_Handler
     /tmp/ccKtZNFX.s:67     .text.MemManage_Handler:00000000 $t
     /tmp/ccKtZNFX.s:74     .text.MemManage_Handler:00000000 MemManage_Handler
     /tmp/ccKtZNFX.s:91     .text.BusFault_Handler:00000000 $t
     /tmp/ccKtZNFX.s:98     .text.BusFault_Handler:00000000 BusFault_Handler
     /tmp/ccKtZNFX.s:115    .text.UsageFault_Handler:00000000 $t
     /tmp/ccKtZNFX.s:122    .text.UsageFault_Handler:00000000 UsageFault_Handler
     /tmp/ccKtZNFX.s:139    .text.SVC_Handler:00000000 $t
     /tmp/ccKtZNFX.s:146    .text.SVC_Handler:00000000 SVC_Handler
     /tmp/ccKtZNFX.s:159    .text.DebugMon_Handler:00000000 $t
     /tmp/ccKtZNFX.s:166    .text.DebugMon_Handler:00000000 DebugMon_Handler
     /tmp/ccKtZNFX.s:178    .text.PendSV_Handler:00000000 $t
     /tmp/ccKtZNFX.s:185    .text.PendSV_Handler:00000000 PendSV_Handler
     /tmp/ccKtZNFX.s:197    .text.SysTick_Handler:00000000 $t
     /tmp/ccKtZNFX.s:204    .text.SysTick_Handler:00000000 SysTick_Handler

UNDEFINED SYMBOLS
HAL_IncTick
